<?xml version="1.0" encoding="UTF-8"?>
<testng-results ignored="0" total="1" passed="1" failed="0" skipped="0">
  <reporter-output>
  </reporter-output>
  <suite started-at="2022-01-24T17:04:06 EST" name="PersistanceTest" finished-at="2022-01-24T17:04:09 EST" duration-ms="2233">
    <groups>
    </groups>
    <test started-at="2022-01-24T17:04:06 EST" name="Command line test" finished-at="2022-01-24T17:04:09 EST" duration-ms="2233">
      <class name="PersistanceTest">
        <test-method is-config="true" signature="setup()[pri:0, instance:PersistanceTest@43d7741f]" started-at="2022-01-24T17:04:06 EST" name="setup" finished-at="2022-01-24T17:04:08 EST" duration-ms="1872" status="PASS">
          <reporter-output>
          </reporter-output>
        </test-method> <!-- setup -->
        <test-method signature="testReadMessage()[pri:0, instance:PersistanceTest@43d7741f]" started-at="2022-01-24T17:04:08 EST" name="testReadMessage" finished-at="2022-01-24T17:04:09 EST" duration-ms="335" status="PASS">
          <reporter-output>
          </reporter-output>
        </test-method> <!-- testReadMessage -->
      </class> <!-- PersistanceTest -->
    </test> <!-- Command line test -->
  </suite> <!-- PersistanceTest -->
</testng-results>
